[debug] [2022-04-07T12:55:30.653Z] ----------------------------------------------------------------------
[debug] [2022-04-07T12:55:30.655Z] Command:       C:\Program Files\nodejs\node.exe C:\Users\BARIS\AppData\Roaming\npm\node_modules\firebase-tools\lib\bin\firebase.js init
[debug] [2022-04-07T12:55:30.656Z] CLI Version:   10.6.0
[debug] [2022-04-07T12:55:30.656Z] Platform:      win32
[debug] [2022-04-07T12:55:30.656Z] Node Version:  v14.17.1
[debug] [2022-04-07T12:55:30.665Z] Time:          Thu Apr 07 2022 15:55:30 GMT+0300 (Eastern European Summer Time)
[debug] [2022-04-07T12:55:30.665Z] ----------------------------------------------------------------------
[debug] 
[debug] [2022-04-07T12:55:30.885Z] > command requires scopes: ["email","openid","https://www.googleapis.com/auth/cloudplatformprojects.readonly","https://www.googleapis.com/auth/firebase","https://www.googleapis.com/auth/cloud-platform"]
[debug] [2022-04-07T12:55:30.886Z] > authorizing via signed-in user (baris.altinsoy@gmail.com)
[info] 
     ######## #### ########  ######## ########     ###     ######  ########
     ##        ##  ##     ## ##       ##     ##  ##   ##  ##       ##
     ######    ##  ########  ######   ########  #########  ######  ######
     ##        ##  ##    ##  ##       ##     ## ##     ##       ## ##
     ##       #### ##     ## ######## ########  ##     ##  ######  ########

You're about to initialize a Firebase project in this directory:

  C:\Users\BARIS\Desktop\Orion Innovation Turkey - Angular Bootcamp\Final Project\finalAngularProject

Before we get started, keep in mind:

  * You are initializing within an existing Firebase project directory

